<?xml version="1.0" encoding="UTF-8"?>
<!-- Generated by org.testng.reporters.JUnitXMLReporter -->
<testsuite ignored="0" hostname="ASUSVIVOBOOKS15" failures="1" tests="1" name="TestFK" time="0.005" errors="0" timestamp="2025-07-16T20:06:58 IST">
  <testcase classname="TestNG.Flipkart" name="login" time="0.0">
    <failure type="org.testng.TestNGException" message="
Parameter &amp;apos;browser&amp;apos; is required by @Test on method login but has not been marked @Optional or defined
in C:\A13 LEARNING\SeleniumProject\ParaExe.xml">
      <![CDATA[org.testng.TestNGException: 
Parameter 'browser' is required by @Test on method login but has not been marked @Optional or defined
in C:\A13 LEARNING\SeleniumProject\ParaExe.xml
at java.base/java.util.ArrayList.forEach(ArrayList.java:1511)
at java.base/java.util.concurrent.FutureTask.run(FutureTask.java:264)
at java.base/java.util.concurrent.ThreadPoolExecutor.runWorker(ThreadPoolExecutor.java:1136)
at java.base/java.util.concurrent.ThreadPoolExecutor$Worker.run(ThreadPoolExecutor.java:635)
at java.base/java.lang.Thread.run(Thread.java:840)
... Removed 16 stack frames]]>
    </failure>
  </testcase> <!-- login -->
</testsuite> <!-- TestFK -->
